<?xml version="1.0" encoding="UTF-8"?>
<testsuite xmlns:xsi="http://www.w3.org/2001/XMLSchema-instance" xsi:noNamespaceSchemaLocation="https://maven.apache.org/surefire/maven-surefire-plugin/xsd/surefire-test-report.xsd" name="org.itstack.demo.test.ApiTest" time="0.002" tests="0" errors="0" skipped="0" failures="0">
  <properties>
    <property name="sun.desktop" value="windows"/>
    <property name="awt.toolkit" value="sun.awt.windows.WToolkit"/>
    <property name="file.encoding.pkg" value="sun.io"/>
    <property name="java.specification.version" value="1.8"/>
    <property name="sun.cpu.isalist" value="amd64"/>
    <property name="sun.jnu.encoding" value="Cp1252"/>
    <property name="java.class.path" value="F:\code-project\door-spring-boot-starter\target\test-classes;F:\code-project\door-spring-boot-starter\target\classes;C:\Users\Neverland\.m2\repository\org\springframework\boot\spring-boot-starter\2.1.2.RELEASE\spring-boot-starter-2.1.2.RELEASE.jar;C:\Users\Neverland\.m2\repository\org\springframework\boot\spring-boot\2.1.2.RELEASE\spring-boot-2.1.2.RELEASE.jar;C:\Users\Neverland\.m2\repository\org\springframework\spring-context\5.1.4.RELEASE\spring-context-5.1.4.RELEASE.jar;C:\Users\Neverland\.m2\repository\org\springframework\spring-expression\5.1.4.RELEASE\spring-expression-5.1.4.RELEASE.jar;C:\Users\Neverland\.m2\repository\org\springframework\boot\spring-boot-starter-logging\2.1.2.RELEASE\spring-boot-starter-logging-2.1.2.RELEASE.jar;C:\Users\Neverland\.m2\repository\ch\qos\logback\logback-classic\1.2.3\logback-classic-1.2.3.jar;C:\Users\Neverland\.m2\repository\ch\qos\logback\logback-core\1.2.3\logback-core-1.2.3.jar;C:\Users\Neverland\.m2\repository\org\slf4j\slf4j-api\1.7.25\slf4j-api-1.7.25.jar;C:\Users\Neverland\.m2\repository\org\apache\logging\log4j\log4j-to-slf4j\2.11.1\log4j-to-slf4j-2.11.1.jar;C:\Users\Neverland\.m2\repository\org\apache\logging\log4j\log4j-api\2.11.1\log4j-api-2.11.1.jar;C:\Users\Neverland\.m2\repository\org\slf4j\jul-to-slf4j\1.7.25\jul-to-slf4j-1.7.25.jar;C:\Users\Neverland\.m2\repository\javax\annotation\javax.annotation-api\1.3.2\javax.annotation-api-1.3.2.jar;C:\Users\Neverland\.m2\repository\org\springframework\spring-core\5.1.4.RELEASE\spring-core-5.1.4.RELEASE.jar;C:\Users\Neverland\.m2\repository\org\springframework\spring-jcl\5.1.4.RELEASE\spring-jcl-5.1.4.RELEASE.jar;C:\Users\Neverland\.m2\repository\org\yaml\snakeyaml\1.23\snakeyaml-1.23.jar;C:\Users\Neverland\.m2\repository\org\springframework\boot\spring-boot-configuration-processor\2.1.2.RELEASE\spring-boot-configuration-processor-2.1.2.RELEASE.jar;C:\Users\Neverland\.m2\repository\org\springframework\boot\spring-boot-autoconfigure\2.1.2.RELEASE\spring-boot-autoconfigure-2.1.2.RELEASE.jar;C:\Users\Neverland\.m2\repository\org\springframework\boot\spring-boot-starter-aop\2.1.2.RELEASE\spring-boot-starter-aop-2.1.2.RELEASE.jar;C:\Users\Neverland\.m2\repository\org\springframework\spring-aop\5.1.4.RELEASE\spring-aop-5.1.4.RELEASE.jar;C:\Users\Neverland\.m2\repository\org\springframework\spring-beans\5.1.4.RELEASE\spring-beans-5.1.4.RELEASE.jar;C:\Users\Neverland\.m2\repository\org\aspectj\aspectjweaver\1.9.2\aspectjweaver-1.9.2.jar;C:\Users\Neverland\.m2\repository\commons-beanutils\commons-beanutils\1.8.3\commons-beanutils-1.8.3.jar;C:\Users\Neverland\.m2\repository\commons-logging\commons-logging\1.1.1\commons-logging-1.1.1.jar;C:\Users\Neverland\.m2\repository\com\alibaba\fastjson\1.2.62\fastjson-1.2.62.jar;"/>
    <property name="java.vm.vendor" value="Oracle Corporation"/>
    <property name="sun.arch.data.model" value="64"/>
    <property name="user.variant" value=""/>
    <property name="java.vendor.url" value="http://java.oracle.com/"/>
    <property name="user.timezone" value="Australia/Sydney"/>
    <property name="java.vm.specification.version" value="1.8"/>
    <property name="os.name" value="Windows 11"/>
    <property name="user.country" value="US"/>
    <property name="sun.java.launcher" value="SUN_STANDARD"/>
    <property name="sun.boot.library.path" value="F:\java-env\jdk-8u431-windows-x64\jre\bin"/>
    <property name="sun.java.command" value="C:\Users\NEVERL~1\AppData\Local\Temp\surefire8305281119902841776\surefirebooter4422979916320510661.jar C:\Users\Neverland\AppData\Local\Temp\surefire8305281119902841776 2025-04-13T21-32-54_882-jvmRun1 surefire8221663591513293152tmp surefire_04445393890729124620tmp"/>
    <property name="surefire.test.class.path" value="F:\code-project\door-spring-boot-starter\target\test-classes;F:\code-project\door-spring-boot-starter\target\classes;C:\Users\Neverland\.m2\repository\org\springframework\boot\spring-boot-starter\2.1.2.RELEASE\spring-boot-starter-2.1.2.RELEASE.jar;C:\Users\Neverland\.m2\repository\org\springframework\boot\spring-boot\2.1.2.RELEASE\spring-boot-2.1.2.RELEASE.jar;C:\Users\Neverland\.m2\repository\org\springframework\spring-context\5.1.4.RELEASE\spring-context-5.1.4.RELEASE.jar;C:\Users\Neverland\.m2\repository\org\springframework\spring-expression\5.1.4.RELEASE\spring-expression-5.1.4.RELEASE.jar;C:\Users\Neverland\.m2\repository\org\springframework\boot\spring-boot-starter-logging\2.1.2.RELEASE\spring-boot-starter-logging-2.1.2.RELEASE.jar;C:\Users\Neverland\.m2\repository\ch\qos\logback\logback-classic\1.2.3\logback-classic-1.2.3.jar;C:\Users\Neverland\.m2\repository\ch\qos\logback\logback-core\1.2.3\logback-core-1.2.3.jar;C:\Users\Neverland\.m2\repository\org\slf4j\slf4j-api\1.7.25\slf4j-api-1.7.25.jar;C:\Users\Neverland\.m2\repository\org\apache\logging\log4j\log4j-to-slf4j\2.11.1\log4j-to-slf4j-2.11.1.jar;C:\Users\Neverland\.m2\repository\org\apache\logging\log4j\log4j-api\2.11.1\log4j-api-2.11.1.jar;C:\Users\Neverland\.m2\repository\org\slf4j\jul-to-slf4j\1.7.25\jul-to-slf4j-1.7.25.jar;C:\Users\Neverland\.m2\repository\javax\annotation\javax.annotation-api\1.3.2\javax.annotation-api-1.3.2.jar;C:\Users\Neverland\.m2\repository\org\springframework\spring-core\5.1.4.RELEASE\spring-core-5.1.4.RELEASE.jar;C:\Users\Neverland\.m2\repository\org\springframework\spring-jcl\5.1.4.RELEASE\spring-jcl-5.1.4.RELEASE.jar;C:\Users\Neverland\.m2\repository\org\yaml\snakeyaml\1.23\snakeyaml-1.23.jar;C:\Users\Neverland\.m2\repository\org\springframework\boot\spring-boot-configuration-processor\2.1.2.RELEASE\spring-boot-configuration-processor-2.1.2.RELEASE.jar;C:\Users\Neverland\.m2\repository\org\springframework\boot\spring-boot-autoconfigure\2.1.2.RELEASE\spring-boot-autoconfigure-2.1.2.RELEASE.jar;C:\Users\Neverland\.m2\repository\org\springframework\boot\spring-boot-starter-aop\2.1.2.RELEASE\spring-boot-starter-aop-2.1.2.RELEASE.jar;C:\Users\Neverland\.m2\repository\org\springframework\spring-aop\5.1.4.RELEASE\spring-aop-5.1.4.RELEASE.jar;C:\Users\Neverland\.m2\repository\org\springframework\spring-beans\5.1.4.RELEASE\spring-beans-5.1.4.RELEASE.jar;C:\Users\Neverland\.m2\repository\org\aspectj\aspectjweaver\1.9.2\aspectjweaver-1.9.2.jar;C:\Users\Neverland\.m2\repository\commons-beanutils\commons-beanutils\1.8.3\commons-beanutils-1.8.3.jar;C:\Users\Neverland\.m2\repository\commons-logging\commons-logging\1.1.1\commons-logging-1.1.1.jar;C:\Users\Neverland\.m2\repository\com\alibaba\fastjson\1.2.62\fastjson-1.2.62.jar;"/>
    <property name="sun.cpu.endian" value="little"/>
    <property name="user.home" value="C:\Users\Neverland"/>
    <property name="user.language" value="en"/>
    <property name="java.specification.vendor" value="Oracle Corporation"/>
    <property name="java.home" value="F:\java-env\jdk-8u431-windows-x64\jre"/>
    <property name="basedir" value="F:\code-project\door-spring-boot-starter"/>
    <property name="file.separator" value="\"/>
    <property name="line.separator" value="&#10;"/>
    <property name="java.vm.specification.vendor" value="Oracle Corporation"/>
    <property name="java.specification.name" value="Java Platform API Specification"/>
    <property name="java.awt.graphicsenv" value="sun.awt.Win32GraphicsEnvironment"/>
    <property name="surefire.real.class.path" value="C:\Users\NEVERL~1\AppData\Local\Temp\surefire8305281119902841776\surefirebooter4422979916320510661.jar"/>
    <property name="sun.boot.class.path" value="F:\java-env\jdk-8u431-windows-x64\jre\lib\resources.jar;F:\java-env\jdk-8u431-windows-x64\jre\lib\rt.jar;F:\java-env\jdk-8u431-windows-x64\jre\lib\jsse.jar;F:\java-env\jdk-8u431-windows-x64\jre\lib\jce.jar;F:\java-env\jdk-8u431-windows-x64\jre\lib\charsets.jar;F:\java-env\jdk-8u431-windows-x64\jre\lib\jfr.jar;F:\java-env\jdk-8u431-windows-x64\jre\classes"/>
    <property name="user.script" value=""/>
    <property name="sun.management.compiler" value="HotSpot 64-Bit Tiered Compilers"/>
    <property name="java.runtime.version" value="1.8.0_431-b10"/>
    <property name="user.name" value="Neverland"/>
    <property name="path.separator" value=";"/>
    <property name="os.version" value="10.0"/>
    <property name="java.endorsed.dirs" value="F:\java-env\jdk-8u431-windows-x64\jre\lib\endorsed"/>
    <property name="java.runtime.name" value="Java(TM) SE Runtime Environment"/>
    <property name="file.encoding" value="Cp1252"/>
    <property name="java.vm.name" value="Java HotSpot(TM) 64-Bit Server VM"/>
    <property name="localRepository" value="C:\Users\Neverland\.m2\repository"/>
    <property name="java.vendor.url.bug" value="http://bugreport.sun.com/bugreport/"/>
    <property name="java.io.tmpdir" value="C:\Users\NEVERL~1\AppData\Local\Temp\"/>
    <property name="java.version" value="1.8.0_431"/>
    <property name="user.dir" value="F:\code-project\door-spring-boot-starter"/>
    <property name="os.arch" value="amd64"/>
    <property name="java.vm.specification.name" value="Java Virtual Machine Specification"/>
    <property name="java.awt.printerjob" value="sun.awt.windows.WPrinterJob"/>
    <property name="sun.os.patch.level" value=""/>
    <property name="java.library.path" value="F:\java-env\jdk-8u431-windows-x64\jre\bin;C:\WINDOWS\Sun\Java\bin;C:\WINDOWS\system32;C:\WINDOWS;F:\anaconda;F:\anaconda\Library\mingw-w64\bin;F:\anaconda\Library\usr\bin;F:\anaconda\Library\bin;F:\anaconda\Scripts;F:\anaconda\bin;F:\anaconda\condabin;F:\cuda_11_6\bin;F:\cuda_11_6\libnvvp;C:\Program Files\Common Files\Oracle\Java\javapath;C:\Python312\Scripts;C:\Python312;C:\WINDOWS\system32;C:\WINDOWS;C:\WINDOWS\System32\Wbem;C:\WINDOWS\System32\WindowsPowerShell\v1.0;C:\WINDOWS\System32\OpenSSH;C:\Program Files\nodejs;C:\ProgramData\chocolatey\bin;C:\Program Files\Git\cmd;C:\Program Files\Docker\Docker\resources\bin;C:\Program Files\dotnet;F:\java-env\jdk-8u431-windows-x64\bin;F:\java-env\jdk-8u431-windows-x64\jre\bin;F:\java-env\apache-maven-3.9.6\bin;F:\java-env\apache-maven-3.9.6\bin;F:\java-env\gradle-8.5\bin;F:\java-env\gradle-8.5\bin;C:\Program Files (x86)\cloudflared;F:\android-dev\sdk\cmdline-tools\latest\bin;F:\android-dev\sdk\tools;F:\android-dev\sdk\platform-tools;F:\android-dev\sdk\build-tools\34.0.0;F:\android-dev\sdk\platforms\android-34;F:\android-dev\sdk\build-tools\34.0.0\aapt.exe;F:\android-dev\sdk\platform;F:\android-dev\sdk\platform-tools;F:\anaconda;F:\anaconda\Scripts;F:\anaconda\Library\bin;F:\anaconda\Library\usr\bin;F:\anaconda\Library\mingw-w64\bin;F:\cuda_11_6\lib;F:\cuda_11_6\include;C:\Program Files\NVIDIA Corporation\Nsight Compute 2022.1.0;C:\Program Files (x86)\NVIDIA Corporation\PhysX\Common;C:\Program Files\NVIDIA Corporation\NVIDIA NvDLISR;C:\Program Files\CMake\bin;F:\program\xshell8;C:\Program Files\Tailscale;c:\Users\Neverland\AppData\Local\Programs\cursor\resources\app\bin;c:\Users\Neverland\AppData\Local\Programs\cursor\resources\app\bin;C:\Users\Neverland\AppData\Local\Microsoft\WindowsApps;.;F:\program\Microsoft VS Code\bin;C:\Users\Neverland\AppData\Roaming\npm;F:\program\DataGrip 2023.2.3\bin;.;F:\program\intellij idea\IntelliJ IDEA 2023.3.1\bin;.;C:\Users\Neverland\AppData\Roaming\Programs\Zero Install;C:\Users\Neverland\AppData\Local\Programs\Ollama;C:\Users\Neverland\AppData\Local\Programs\cursor\resources\app\bin;."/>
    <property name="java.vm.info" value="mixed mode"/>
    <property name="java.vendor" value="Oracle Corporation"/>
    <property name="java.vm.version" value="25.431-b10"/>
    <property name="java.specification.maintenance.version" value="6"/>
    <property name="java.ext.dirs" value="F:\java-env\jdk-8u431-windows-x64\jre\lib\ext;C:\WINDOWS\Sun\Java\lib\ext"/>
    <property name="sun.io.unicode.encoding" value="UnicodeLittle"/>
    <property name="java.class.version" value="52.0"/>
  </properties>
</testsuite>